\BOOKMARK [1][-]{section*.2}{Введение}{}% 1
\BOOKMARK [1][-]{section*.3}{Постановка задачи}{}% 2
\BOOKMARK [1][-]{section.1}{Среды и языки программирования роботов}{}% 3
\BOOKMARK [2][-]{subsection.1.1}{Учебные инструменты}{section.1}% 4
\BOOKMARK [2][-]{subsection.1.2}{Промышленные инструменты}{section.1}% 5
\BOOKMARK [3][-]{subsubsection.1.2.1}{Академические инструменты}{subsection.1.2}% 6
\BOOKMARK [2][-]{subsection.1.3}{Выводы}{section.1}% 7
\BOOKMARK [1][-]{section.2}{Архитектуры построения систем управления роботами}{}% 8
\BOOKMARK [1][-]{section.3}{Реализация}{}% 9
\BOOKMARK [2][-]{subsection.3.1}{Специализация языка}{section.3}% 10
\BOOKMARK [3][-]{subsubsection.3.1.1}{Блоки управления}{subsection.3.1}% 11
\BOOKMARK [3][-]{subsubsection.3.1.2}{Блоки рисования на экране}{subsection.3.1}% 12
\BOOKMARK [3][-]{subsubsection.3.1.3}{Блоки управления потоками}{subsection.3.1}% 13
\BOOKMARK [3][-]{subsubsection.3.1.4}{Блоки взаимодействия}{subsection.3.1}% 14
\BOOKMARK [2][-]{subsection.3.2}{Реализация инструментария}{section.3}% 15
\BOOKMARK [3][-]{subsubsection.3.2.1}{Визуальный редактор}{subsection.3.2}% 16
\BOOKMARK [3][-]{subsubsection.3.2.2}{Интерпретатор}{subsection.3.2}% 17
\BOOKMARK [1][-]{section.4}{Апробация}{}% 18
\BOOKMARK [2][-]{subsection.4.1}{ПД-регулятор для движения вдоль стены}{section.4}% 19
\BOOKMARK [2][-]{subsection.4.2}{Трехуровневая система управления}{section.4}% 20
\BOOKMARK [1][-]{section*.36}{Заключение}{}% 21
\BOOKMARK [1][-]{section*.38}{Список литературы}{}% 22
